<?xml version="1.0" encoding="UTF-8"?>
<TestRun id="b34e0ecf-c3ad-4aaa-9400-5655dc5c0906" name="Administrator@8PDYMQCADPLRIDS 2016-04-15 20:52:20" runUser="8PDYMQCADPLRIDS\Administrator" xmlns="http://microsoft.com/schemas/VisualStudio/TeamTest/2010">
  <TestSettings name="本地" id="4cf17633-8e3d-4b18-9a26-425fdc424a1f">
    <Description>这些设置为本地测试运行的默认测试设置。</Description>
    <Deployment enabled="false" runDeploymentRoot="Administrator_8PDYMQCADPLRIDS 2016-04-15 20_52_20" />
    <Execution>
      <TestTypeSpecific>
        <UnitTestRunConfig testTypeId="13cdc9d9-ddb5-4fa4-a97d-d965ccfc6d4b">
          <AssemblyResolution>
            <TestDirectory useLoadContext="true" />
          </AssemblyResolution>
        </UnitTestRunConfig>
        <WebTestRunConfiguration testTypeId="4e7599fa-5ecb-43e9-a887-cd63cf72d207">
          <Browser name="Chrome 2" MaxConnections="6">
            <Headers>
              <Header name="User-Agent" value="Mozilla/5.0 (Windows; U; Windows NT 5.1;) AppleWebKit/530.1 (KHTML, like Gecko) Chrome/2.0.169.1 Safari/530.1" />
              <Header name="Accept" value="*/*" />
              <Header name="Accept-Language" value="{{$IEAcceptLanguage}}" />
              <Header name="Accept-Encoding" value="gzip,deflate" />
              <Header name="Accept-Charset" value="ISO-8859-1,*,utf-8" />
            </Headers>
          </Browser>
        </WebTestRunConfiguration>
      </TestTypeSpecific>
      <AgentRule name="LocalMachineDefaultRole">
      </AgentRule>
    </Execution>
  </TestSettings>
  <Times creation="2016-04-15T20:52:20.4544575+08:00" queuing="2016-04-15T20:52:20.4974599+08:00" start="2016-04-15T20:52:20.5064605+08:00" finish="2016-04-15T20:52:20.8484800+08:00" />
  <ResultSummary outcome="Completed">
    <Counters total="1" executed="1" passed="1" error="0" failed="0" timeout="0" aborted="0" inconclusive="0" passedButRunAborted="0" notRunnable="0" notExecuted="0" disconnected="0" warning="0" completed="0" inProgress="0" pending="0" />
  </ResultSummary>
  <TestDefinitions>
    <UnitTest name="TestMethod1" storage="e:\vs2010project\getthetime\debug\defaulttest.dll" id="0322e809-0fe1-7f98-6cd8-6f8a0a53df2c">
      <Execution id="09070431-1282-4a34-a1b2-2a7d32198828" />
      <TestMethod codeBase="E:/vs2010project/GetTheTime/Debug/DefaultTest.DLL" adapterTypeName="Microsoft.VisualStudio.TestTools.TestTypes.Unit.UnitTestAdapter, Microsoft.VisualStudio.QualityTools.Tips.UnitTest.Adapter, Version=10.0.0.0, Culture=neutral, PublicKeyToken=b03f5f7f11d50a3a" className="Testtest.fun_test, DefaultTest, Version=1.0.5949.32787, Culture=neutral, PublicKeyToken=null" name="TestMethod1" />
    </UnitTest>
  </TestDefinitions>
  <TestLists>
    <TestList name="列表中未列出的结果" id="8c84fa94-04c1-424b-9868-57a2d4851a1d" />
    <TestList name="所有已加载的结果" id="19431567-8539-422a-85d7-44ee4e166bda" />
  </TestLists>
  <TestEntries>
    <TestEntry testId="0322e809-0fe1-7f98-6cd8-6f8a0a53df2c" executionId="09070431-1282-4a34-a1b2-2a7d32198828" testListId="8c84fa94-04c1-424b-9868-57a2d4851a1d" />
  </TestEntries>
  <Results>
    <UnitTestResult executionId="09070431-1282-4a34-a1b2-2a7d32198828" testId="0322e809-0fe1-7f98-6cd8-6f8a0a53df2c" testName="TestMethod1" computerName="8PDYMQCADPLRIDS" duration="00:00:00.0187081" startTime="2016-04-15T20:52:20.5084606+08:00" endTime="2016-04-15T20:52:20.8314791+08:00" testType="13cdc9d9-ddb5-4fa4-a97d-d965ccfc6d4b" outcome="Passed" testListId="8c84fa94-04c1-424b-9868-57a2d4851a1d" relativeResultsDirectory="09070431-1282-4a34-a1b2-2a7d32198828">
    </UnitTestResult>
  </Results>
</TestRun>